<?xml version="1.0" encoding="UTF-8"?>
<!-- Generated by org.testng.reporters.JUnitReportReporter -->
<testsuite skipped="0" hostname="Abhay-PC" name="testcases.LoginTestPage2" tests="1" failures="0" timestamp="2020-02-01T08:17:32 IST" time="50.062" errors="0">
  <testcase name="verifyLoginTest" time="50.062" classname="testcases.LoginTestPage2"/>
</testsuite> <!-- testcases.LoginTestPage2 -->
