<?xml version="1.0" encoding="UTF-8"?>
<!-- Generated by org.testng.reporters.JUnitReportReporter -->
<testsuite skipped="0" hostname="Abhay-PC" name="testcases.LoginPageTest" tests="1" failures="0" timestamp="2020-01-21T11:12:37 IST" time="4.312" errors="0">
  <testcase name="verifyLoginTest" time="4.312" classname="testcases.LoginPageTest"/>
</testsuite> <!-- testcases.LoginPageTest -->
